<?xml version="1.0" encoding="UTF-8"?>
<testsuite xmlns:xsi="http://www.w3.org/2001/XMLSchema-instance" xsi:noNamespaceSchemaLocation="https://maven.apache.org/surefire/maven-surefire-plugin/xsd/surefire-test-report.xsd" name="TestSuite" time="15.788" tests="4" errors="0" skipped="0" failures="0">
  <properties>
[...]
</properties>
  <testcase name="userSentInvalidLoginAndInvalidPasswordAndErrorMessage" classname="test.SignInTest" time="0.812"/>
  <testcase name="userSentValidLoginAndInvalidPasswordAndErrorMessage" classname="test.SignInTest" time="0.675"/>
  <testcase name="userSentLoginButNotSentPassword" classname="test.SignInTest" time="0.471"/>
  <testcase name="userSentPasswordButNotSentLogin" classname="test.SignInTest" time="0.509"/>
</testsuite>