<?xml version="1.0" encoding="UTF-8"?>
<!-- Generated by org.testng.reporters.JUnitXMLReporter -->
<testsuite ignored="1" hostname="EPUAKHAW01DD" failures="0" tests="4" name="Surefire test" time="13.833" errors="0" timestamp="22 Jul 2022 17:45:59 GMT">
  <testcase classname="test.SignInTest" name="userSentInvalidLoginAndInvalidPasswordAndErrorMessage" time="0.898"/>
  <testcase classname="test.SignInTest" name="userSentValidLoginAndInvalidPasswordAndErrorMessage" time="0.663"/>
  <testcase classname="test.SignInTest" name="userSentLoginButNotSentPassword" time="0.471"/>
  <testcase classname="test.SignInTest" name="userSentPasswordButNotSentLogin" time="0.511"/>
  <testcase classname="test.BaseTest" name="@BeforeTest profileSetUp" time="0.0">
    <ignored/>
  </testcase> <!-- @BeforeTest profileSetUp -->
</testsuite> <!-- Surefire test -->
